{"code":"ENOTFOUND","hostname":"_mongodb._tcp.cluster.mongodb.net","level":"error","message":"Erro ao iniciar o servidor: querySrv ENOTFOUND _mongodb._tcp.cluster.mongodb.net","stack":"Error: querySrv ENOTFOUND _mongodb._tcp.cluster.mongodb.net\n    at QueryReqWrap.onresolve [as oncomplete] (node:internal/dns/promises:293:17)","syscall":"querySrv"}
{"code":"ENOTFOUND","hostname":"_mongodb._tcp.cluster.mongodb.net","level":"error","message":"Erro ao iniciar o servidor: querySrv ENOTFOUND _mongodb._tcp.cluster.mongodb.net","stack":"Error: querySrv ENOTFOUND _mongodb._tcp.cluster.mongodb.net\n    at QueryReqWrap.onresolve [as oncomplete] (node:internal/dns/promises:293:17)","syscall":"querySrv"}
{"code":"ENOTFOUND","hostname":"_mongodb._tcp.cluster.mongodb.net","level":"error","message":"Erro ao iniciar o servidor: querySrv ENOTFOUND _mongodb._tcp.cluster.mongodb.net","stack":"Error: querySrv ENOTFOUND _mongodb._tcp.cluster.mongodb.net\n    at QueryReqWrap.onresolve [as oncomplete] (node:internal/dns/promises:293:17)","syscall":"querySrv"}
{"level":"error","message":"Erro ao iniciar o servidor: connect ECONNREFUSED ::1:27017, connect ECONNREFUSED 127.0.0.1:27017","reason":{"commonWireVersion":0,"compatible":true,"heartbeatFrequencyMS":10000,"localThresholdMS":15,"logicalSessionTimeoutMinutes":null,"maxElectionId":null,"maxSetVersion":null,"servers":{},"setName":null,"stale":false,"type":"Unknown"},"stack":"MongooseServerSelectionError: connect ECONNREFUSED ::1:27017, connect ECONNREFUSED 127.0.0.1:27017\n    at _handleConnectionErrors (C:\\Users\\Carlean\\Downloads\\news_api\\node_modules\\mongoose\\lib\\connection.js:816:11)\n    at NativeConnection.openUri (C:\\Users\\Carlean\\Downloads\\news_api\\node_modules\\mongoose\\lib\\connection.js:791:11)\n    at async startServer (C:\\Users\\Carlean\\Downloads\\news_api\\index.js:162:5)"}
{"code":"ENOTFOUND","hostname":"_mongodb._tcp.cluster0.xxxxx.mongodb.net","level":"error","message":"Erro ao iniciar o servidor: querySrv ENOTFOUND _mongodb._tcp.cluster0.xxxxx.mongodb.net","stack":"Error: querySrv ENOTFOUND _mongodb._tcp.cluster0.xxxxx.mongodb.net\n    at QueryReqWrap.onresolve [as oncomplete] (node:internal/dns/promises:293:17)","syscall":"querySrv"}
{"code":"ENOTFOUND","hostname":"_mongodb._tcp.cluster0.xxxxx.mongodb.net","level":"error","message":"Erro ao iniciar o servidor: querySrv ENOTFOUND _mongodb._tcp.cluster0.xxxxx.mongodb.net","stack":"Error: querySrv ENOTFOUND _mongodb._tcp.cluster0.xxxxx.mongodb.net\n    at QueryReqWrap.onresolve [as oncomplete] (node:internal/dns/promises:293:17)","syscall":"querySrv"}
{"code":"ENOTFOUND","hostname":"_mongodb._tcp.cluster0.xxxxx.mongodb.net","level":"error","message":"Erro ao iniciar o servidor: querySrv ENOTFOUND _mongodb._tcp.cluster0.xxxxx.mongodb.net","stack":"Error: querySrv ENOTFOUND _mongodb._tcp.cluster0.xxxxx.mongodb.net\n    at QueryReqWrap.onresolve [as oncomplete] (node:internal/dns/promises:293:17)","syscall":"querySrv"}
{"code":"ENOTFOUND","hostname":"_mongodb._tcp.cluster0.xxxxx.mongodb.net","level":"error","message":"Erro ao iniciar o servidor: querySrv ENOTFOUND _mongodb._tcp.cluster0.xxxxx.mongodb.net","stack":"Error: querySrv ENOTFOUND _mongodb._tcp.cluster0.xxxxx.mongodb.net\n    at QueryReqWrap.onresolve [as oncomplete] (node:internal/dns/promises:293:17)","syscall":"querySrv"}
{"level":"error","message":"Erro ao conectar ao MongoDB, tentando novamente em 5s..."}
{"level":"error","message":"Erro ao conectar ao MongoDB, tentando novamente em 5s..."}
{"level":"error","message":"Erro ao conectar ao MongoDB, tentando novamente em 5s..."}
{"level":"error","message":"Erro ao conectar ao MongoDB, tentando novamente em 5s..."}
{"level":"error","message":"Erro ao conectar ao MongoDB, tentando novamente em 5s..."}
{"level":"error","message":"Erro ao conectar ao MongoDB:"}
{"level":"error","message":"Erro ao conectar ao MongoDB:"}
{"level":"error","message":"Tentando novamente em 5s..."}
{"level":"error","message":"Erro ao conectar ao MongoDB:"}
{"level":"error","message":"Tentando novamente em 5s..."}
{"level":"error","message":"Erro ao conectar ao MongoDB:"}
{"level":"error","message":"Erro ao conectar ao MongoDB:"}
{"level":"error","message":"Tentando novamente em 5s..."}
